0 info it worked if it ends with ok
1 verbose cli [ 'D:\\Programs\\NodeJS\\node.exe',
1 verbose cli   'D:\\Programs\\NodeJS\\node_modules\\npm\\bin\\npm-cli.js',
1 verbose cli   'run',
1 verbose cli   'coverage' ]
2 info using npm@3.10.9
3 info using node@v6.9.2
4 verbose run-script [ 'precoverage', 'coverage', 'postcoverage' ]
5 info lifecycle webpack-everest@1.0.1~precoverage: webpack-everest@1.0.1
6 silly lifecycle webpack-everest@1.0.1~precoverage: no script for precoverage, continuing
7 info lifecycle webpack-everest@1.0.1~coverage: webpack-everest@1.0.1
8 verbose lifecycle webpack-everest@1.0.1~coverage: unsafe-perm in lifecycle true
9 verbose lifecycle webpack-everest@1.0.1~coverage: PATH: D:\Programs\NodeJS\node_modules\npm\bin\node-gyp-bin;D:\Documents\Learning\Webpack\beans\node_modules\.bin;D:\Programs\ConEmu\ConEmu\Scripts;D:\Programs\ConEmu\ConEmu\Scripts;D:\Programs\ConEmu;D:\Programs\ConEmu\ConEmu;C:\oraclexe\app\oracle\product\11.2.0\server\bin;D:\app\Oracle\product\12.1.0\dbhome_1\bin;C:\ProgramData\Oracle\Java\javapath;C:\Windows\system32;C:\Windows;C:\Windows\System32\Wbem;C:\Windows\System32\WindowsPowerShell\v1.0\;C:\Program Files (x86)\NVIDIA Corporation\PhysX\Common;C:\WINDOWS\system32;C:\WINDOWS;C:\WINDOWS\System32\Wbem;C:\WINDOWS\System32\WindowsPowerShell\v1.0\;D:\Programs\Amazon\AWSCLI\;C:\Program Files (x86)\Skype\Phone\;C:\Program Files (x86)\Windows Kits\10\Windows Performance Toolkit\;C:\WINDOWS\system32\config\systemprofile\.dnx\bin;C:\Program Files\Microsoft DNX\Dnvm\;C:\Program Files\Microsoft SQL Server\130\Tools\Binn\;D:\Programs\NodeJS\;D:\Programs\Git\cmd;D:\Programs\HashiCorp\Vagrant\bin;D:\Programs\DevDesktop\tools;D:\Programs\Ruby21-x64\bin;D:\Programs\Ruby23\bin;D:\Programs\Python27;D:\Programs\Java\jdk1.8.0_91\bin;D:\Programs\MongoDB\Server\3.2\bin;D:\Programs\Amazon\AWSCLI;D:\Programs\Python27\Scripts;D:\Programs\Android\sdk\platform-tools;D:\Programs\Android\sdk\tools;D:\Programs\cygwin\bin;D:\Programs\PostgreSQL\9.5\bin;C:\Users\mc_ro\AppData\Local\.meteor\;C:\Users\mc_ro\AppData\Roaming\npm;C:\Users\mc_ro\AppData\Local\Microsoft\WindowsApps;C:\Users\mc_ro\AppData\Local\atom\bin
10 verbose lifecycle webpack-everest@1.0.1~coverage: CWD: D:\Documents\Learning\Webpack\beans
11 silly lifecycle webpack-everest@1.0.1~coverage: Args: [ '/d /s /c',
11 silly lifecycle   'istanbul cover ./node_modules/mocha/bin/_mocha --report lcovonly -- -R spec && cat ./coverage/lcov.info | ./node_modules/coveralls/bin/coveralls.js && rm -rf ./coverage' ]
12 silly lifecycle webpack-everest@1.0.1~coverage: Returned: code: 1  signal: null
13 info lifecycle webpack-everest@1.0.1~coverage: Failed to exec coverage script
14 verbose stack Error: webpack-everest@1.0.1 coverage: `istanbul cover ./node_modules/mocha/bin/_mocha --report lcovonly -- -R spec && cat ./coverage/lcov.info | ./node_modules/coveralls/bin/coveralls.js && rm -rf ./coverage`
14 verbose stack Exit status 1
14 verbose stack     at EventEmitter.<anonymous> (D:\Programs\NodeJS\node_modules\npm\lib\utils\lifecycle.js:255:16)
14 verbose stack     at emitTwo (events.js:106:13)
14 verbose stack     at EventEmitter.emit (events.js:191:7)
14 verbose stack     at ChildProcess.<anonymous> (D:\Programs\NodeJS\node_modules\npm\lib\utils\spawn.js:40:14)
14 verbose stack     at emitTwo (events.js:106:13)
14 verbose stack     at ChildProcess.emit (events.js:191:7)
14 verbose stack     at maybeClose (internal/child_process.js:877:16)
14 verbose stack     at Process.ChildProcess._handle.onexit (internal/child_process.js:226:5)
15 verbose pkgid webpack-everest@1.0.1
16 verbose cwd D:\Documents\Learning\Webpack\beans
17 error Windows_NT 10.0.14393
18 error argv "D:\\Programs\\NodeJS\\node.exe" "D:\\Programs\\NodeJS\\node_modules\\npm\\bin\\npm-cli.js" "run" "coverage"
19 error node v6.9.2
20 error npm  v3.10.9
21 error code ELIFECYCLE
22 error webpack-everest@1.0.1 coverage: `istanbul cover ./node_modules/mocha/bin/_mocha --report lcovonly -- -R spec && cat ./coverage/lcov.info | ./node_modules/coveralls/bin/coveralls.js && rm -rf ./coverage`
22 error Exit status 1
23 error Failed at the webpack-everest@1.0.1 coverage script 'istanbul cover ./node_modules/mocha/bin/_mocha --report lcovonly -- -R spec && cat ./coverage/lcov.info | ./node_modules/coveralls/bin/coveralls.js && rm -rf ./coverage'.
23 error Make sure you have the latest version of node.js and npm installed.
23 error If you do, this is most likely a problem with the webpack-everest package,
23 error not with npm itself.
23 error Tell the author that this fails on your system:
23 error     istanbul cover ./node_modules/mocha/bin/_mocha --report lcovonly -- -R spec && cat ./coverage/lcov.info | ./node_modules/coveralls/bin/coveralls.js && rm -rf ./coverage
23 error You can get information on how to open an issue for this project with:
23 error     npm bugs webpack-everest
23 error Or if that isn't available, you can get their info via:
23 error     npm owner ls webpack-everest
23 error There is likely additional logging output above.
24 verbose exit [ 1, true ]
